21:12:26.684 [main                     ] DEBUG Logger               - Configured Logger
21:12:26.688 [main                     ] DEBUG GameApplication      - Logging settings
Title: NEAT Guns
Version: 0.0
Width: 1000
Height: 600
Fullscreen: false
Intro: false
Profiling: false
Single step:false
App Mode: DEVELOPER
Menu Key: ESCAPE
Stage Style: DECORATED
Scene Factory: class Game$1

21:12:26.919 [JavaFX Application Thread] DEBUG FXGLApplication      - Initializing FXGL
21:12:26.921 [JavaFX Application Thread] INFO  Engine               - FXGL-dev-SNAPSHOT (25.04.2021 17.15) on WINDOWS (J:14.0.2 FX:14.0.2.1)
21:12:26.921 [JavaFX Application Thread] DEBUG Engine               - JRE Vendor Name: Oracle Corporation
21:12:26.921 [JavaFX Application Thread] DEBUG Engine               - Running on OS: Windows 10 version 10.0
21:12:26.921 [JavaFX Application Thread] DEBUG Engine               - Architecture: amd64
21:12:26.921 [JavaFX Application Thread] INFO  Engine               - Source code and latest versions at: https://github.com/AlmasB/FXGL
21:12:26.921 [JavaFX Application Thread] INFO  Engine               -              Join the FXGL chat at: https://gitter.im/AlmasB/FXGL
21:12:27.010 [JavaFX Application Thread] DEBUG PrimaryStageWindow   - Creating a JavaFX scene
21:12:27.048 [JavaFX Application Thread] DEBUG PrimaryStageWindow   - Target settings size: 1000.0 x 600.0
21:12:27.049 [JavaFX Application Thread] DEBUG PrimaryStageWindow   - Scaled scene size:    1000.0 x 600.0
21:12:27.049 [JavaFX Application Thread] DEBUG PrimaryStageWindow   - Scaled ratio: (1.0, 1.0)
21:12:27.049 [JavaFX Application Thread] DEBUG PrimaryStageWindow   - Set initial scene to FXGLStartupScene
21:12:27.054 [JavaFX Application Thread] DEBUG PrimaryStageWindow   - Opening main window
21:12:27.121 [JavaFX Application Thread] DEBUG PrimaryStageWindow   - Window border size: (16.0, 39.0)
21:12:27.121 [JavaFX Application Thread] DEBUG PrimaryStageWindow   - Scaled size: 1000.0 x 600.0
21:12:27.121 [JavaFX Application Thread] DEBUG PrimaryStageWindow   - Scaled ratio: (1.0, 1.0)
21:12:27.122 [JavaFX Application Thread] DEBUG PrimaryStageWindow   - Scene size: 1000.0 x 600.0
21:12:27.122 [JavaFX Application Thread] DEBUG PrimaryStageWindow   - Stage size: 1016.0 x 639.0
21:12:27.129 [FXGL Background Thread 1 ] DEBUG Engine               - Initializing environment variables
21:12:27.157 [FXGL Background Thread 1 ] DEBUG FXGLAssetLoaderServi - User app class for loading assets: class Game
21:12:27.157 [FXGL Background Thread 1 ] DEBUG GameApplicationServi - Applying CSS: fxgl_dark.css
21:12:27.158 [FXGL Background Thread 1 ] DEBUG FXGLAssetLoaderServi - Loading from file system: jar:file:/C:/Users/anmay/.m2/repository/com/github/almasb/fxgl/dev-SNAPSHOT/fxgl-dev-20210425.171557-1750.jar!/fxglassets/ui/css/fxgl_dark.css
21:12:27.190 [FXGL Background Thread 1 ] DEBUG GameApplicationServi - Initializing application scenes
21:12:27.215 [FXGL Background Thread 1 ] DEBUG GameWorld            - Game world initialized
21:12:27.266 [FXGL Background Thread 1 ] DEBUG PhysicsWorld         - Physics world initialized: appHeight=600, physics.ppm=50.0
21:12:27.267 [FXGL Background Thread 1 ] DEBUG PhysicsWorld         - Using strategy: BRUTE_FORCE
21:12:27.269 [FXGL Background Thread 1 ] DEBUG GameScene            - Game scene initialized: 1000x600
21:12:27.345 [FXGL Background Thread 1 ] DEBUG GameApplicationServi - Application scenes initialized
21:12:27.356 [FXGL Background Thread 1 ] DEBUG SystemBundleService  - Loading FXGL system data
21:12:27.359 [FXGL Background Thread 1 ] DEBUG FileSystemAccess     - Reading from: C:\Users\anmay\IdeaProjects\Final Project\system\fxgl.bundle
21:12:27.363 [FXGL Background Thread 1 ] DEBUG SystemBundleService  - Bundle FXGL: {}
21:12:27.363 [FXGL Background Thread 1 ] DEBUG UpdaterService       - Checking for updates
21:12:27.387 [FXGL Background Thread 4 ] DEBUG FXGLApplication      - Loading fonts
21:12:27.387 [FXGL Background Thread 1 ] DEBUG FXGLApplication      - Loading default localization
21:12:27.388 [FXGL Background Thread 4 ] DEBUG FXGLAssetLoaderServi - Loading from file system: jar:file:/C:/Users/anmay/.m2/repository/com/github/almasb/fxgl/dev-SNAPSHOT/fxgl-dev-20210425.171557-1750.jar!/fxglassets/ui/fonts/VarelaRound-Regular.ttf
21:12:27.388 [FXGL Background Thread 1 ] DEBUG FXGLAssetLoaderServi - Loading from file system: jar:file:/C:/Users/anmay/.m2/repository/com/github/almasb/fxgl/dev-SNAPSHOT/fxgl-dev-20210425.171557-1750.jar!/fxglassets/languages/english.lang
21:12:27.399 [FXGL Background Thread 1 ] INFO  FXGLApplication      - FXGL initialization took: 0.270 sec
21:12:27.402 [JavaFX Application Thread] DEBUG Input                - Registered new binding: Shoot Mouse - LMB
21:12:27.409 [JavaFX Application Thread] DEBUG Input                - Registered new binding: Shoot Mouse Keypad - Enter
21:12:27.409 [JavaFX Application Thread] DEBUG FXGLAssetLoaderServi - Loading from file system: jar:file:/C:/Users/anmay/.m2/repository/com/github/almasb/fxgl/dev-SNAPSHOT/fxgl-dev-20210425.171557-1750.jar!/fxglassets/textures/fxgl_icon.png
21:12:27.420 [FXGL Background Thread 4 ] DEBUG FXGLAssetLoaderServi - Loading from file system: jar:file:/C:/Users/anmay/.m2/repository/com/github/almasb/fxgl/dev-SNAPSHOT/fxgl-dev-20210425.171557-1750.jar!/fxglassets/ui/fonts/Abel-Regular.ttf
21:12:27.424 [FXGL Background Thread 4 ] DEBUG FXGLAssetLoaderServi - Loading from file system: jar:file:/C:/Users/anmay/.m2/repository/com/github/almasb/fxgl/dev-SNAPSHOT/fxgl-dev-20210425.171557-1750.jar!/fxglassets/ui/fonts/lucida_console.ttf
21:12:27.428 [FXGL Background Thread 4 ] DEBUG FXGLAssetLoaderServi - Loading from file system: jar:file:/C:/Users/anmay/.m2/repository/com/github/almasb/fxgl/dev-SNAPSHOT/fxgl-dev-20210425.171557-1750.jar!/fxglassets/ui/fonts/Courier-Prime.ttf
21:12:27.454 [JavaFX Application Thread] DEBUG FXGLAssetLoaderServi - Loading from file system: jar:file:/C:/Users/anmay/.m2/repository/com/github/almasb/fxgl/dev-SNAPSHOT/fxgl-dev-20210425.171557-1750.jar!/fxglassets/ui/cursors/fxgl_default.png
21:12:27.456 [JavaFX Application Thread] DEBUG Input                - Registered new binding: Screenshot - CTRL+8
21:12:27.457 [JavaFX Application Thread] DEBUG Input                - Registered new binding: Dev Options - 1
21:12:27.457 [JavaFX Application Thread] DEBUG Input                - Registered new binding: Dev Console - 2
21:12:27.457 [JavaFX Application Thread] DEBUG Input                - Registered new binding: System info dump - CTRL+9
21:12:27.458 [JavaFX Application Thread] DEBUG Input                - Registered new binding: Restart - CTRL+R
21:12:27.458 [JavaFX Application Thread] DEBUG Input                - Registered new binding: Toggle Debug Camera - CTRL+C
21:12:27.460 [JavaFX Application Thread] DEBUG LoopRunner           - Starting loop
21:12:27.469 [JavaFX Application Thread] DEBUG LoopRunner           - Initializing JavaFX AnimationTimerLoop
21:12:27.471 [JavaFX Application Thread] DEBUG Input                - Clearing active input actions
21:12:27.476 [JavaFX Application Thread] DEBUG GameApplicationServi - Removing overlay from FXGLStartupScene and adding to FXGLMainMenuDummyScene
21:12:27.482 [JavaFX Application Thread] DEBUG PrimaryStageWindow   - FXGLStartupScene -> FXGLMainMenuDummyScene
21:12:27.483 [JavaFX Application Thread] DEBUG PrimaryStageWindow   - Push state: MainMenu
21:12:27.483 [JavaFX Application Thread] DEBUG Input                - Clearing active input actions
21:12:27.496 [JavaFX Application Thread] DEBUG GameApplicationServi - Removing overlay from FXGLMainMenuDummyScene and adding to MainMenu
21:12:27.497 [JavaFX Application Thread] DEBUG PrimaryStageWindow   - FXGLMainMenuDummyScene -> MainMenu
21:12:27.498 [JavaFX Application Thread] DEBUG FXGLApplication      - Registering font factories with UI factory
21:12:27.708 [FXGL Background Thread 2 ] INFO  UpdaterService       - Your current version:  dev-SNAPSHOT
21:12:27.708 [FXGL Background Thread 2 ] INFO  UpdaterService       - Latest stable version: 11.15
21:12:29.055 [JavaFX Application Thread] DEBUG Menu                 - fireNewGame()
21:12:29.055 [JavaFX Application Thread] DEBUG GameApplicationServi - Starting new game
21:12:29.055 [JavaFX Application Thread] DEBUG PrimaryStageWindow   - Pop state: MainMenu
21:12:29.055 [JavaFX Application Thread] DEBUG Input                - Clearing active input actions
21:12:29.057 [JavaFX Application Thread] DEBUG GameApplicationServi - Removing overlay from MainMenu and adding to FXGLMainMenuDummyScene
21:12:29.058 [JavaFX Application Thread] DEBUG PrimaryStageWindow   - FXGLMainMenuDummyScene <- MainMenu
21:12:29.058 [JavaFX Application Thread] DEBUG Input                - Clearing active input actions
21:12:29.063 [JavaFX Application Thread] DEBUG GameApplicationServi - Removing overlay from FXGLMainMenuDummyScene and adding to FXGLLoadingScene
21:12:29.063 [JavaFX Application Thread] DEBUG PrimaryStageWindow   - FXGLMainMenuDummyScene -> FXGLLoadingScene
21:12:29.063 [JavaFX Application Thread] DEBUG GameApplicationServi - Clearing previous game
21:12:29.063 [JavaFX Application Thread] DEBUG GameScene            - Clearing game scene
21:12:29.063 [JavaFX Application Thread] DEBUG GameWorld            - Clearing game world
21:12:29.063 [JavaFX Application Thread] DEBUG PhysicsWorld         - Clearing physics world
21:12:29.064 [FXGL Background Thread 2 ] DEBUG FXGLApplication      - Initializing game
21:12:29.072 [FXGL Background Thread 2 ] DEBUG FXGLAssetLoaderServi - Loading from file system: file:/C:/Users/anmay/IdeaProjects/Final%20Project/target/classes/assets/textures/Target1.png
21:12:29.122 [FXGL Background Thread 2 ] INFO  FXGLApplication      - Game initialization took: 0.058 sec
21:12:29.123 [JavaFX Application Thread] DEBUG Input                - Clearing active input actions
21:12:29.130 [JavaFX Application Thread] DEBUG GameApplicationServi - Removing overlay from FXGLLoadingScene and adding to GameScene
21:12:29.132 [JavaFX Application Thread] DEBUG PrimaryStageWindow   - FXGLLoadingScene -> GameScene
21:12:29.144 [JavaFX Application Thread] DEBUG FXGLAssetLoaderServi - Loading from file system: file:/C:/Users/anmay/IdeaProjects/Final%20Project/target/classes/assets/textures/Cannon.png
21:12:30.386 [FXGL Background Thread 3 ] DEBUG Engine               - Logging environment variables
21:12:30.386 [FXGL Background Thread 3 ] DEBUG Engine               - achievements: []
21:12:30.386 [FXGL Background Thread 3 ] DEBUG Engine               - actualHeight: 600.0
21:12:30.386 [FXGL Background Thread 3 ] DEBUG Engine               - actualHeightProperty: ReadOnlyDoubleProperty [value: 600.0]
21:12:30.386 [FXGL Background Thread 3 ] DEBUG Engine               - actualWidth: 1000.0
21:12:30.386 [FXGL Background Thread 3 ] DEBUG Engine               - actualWidthProperty: ReadOnlyDoubleProperty [value: 1000.0]
21:12:30.386 [FXGL Background Thread 3 ] DEBUG Engine               - appIcon: fxgl_icon.png
21:12:30.386 [FXGL Background Thread 3 ] DEBUG Engine               - applicationMode: DEVELOPER
21:12:30.386 [FXGL Background Thread 3 ] DEBUG Engine               - cSSList: [fxgl_dark.css]
21:12:30.387 [FXGL Background Thread 3 ] DEBUG Engine               - collisionDetectionStrategy: BRUTE_FORCE
21:12:30.387 [FXGL Background Thread 3 ] DEBUG Engine               - configClass: Optional.empty
21:12:30.387 [FXGL Background Thread 3 ] DEBUG Engine               - credits: []
21:12:30.387 [FXGL Background Thread 3 ] DEBUG Engine               - devBBoxColorProperty: ObjectProperty [value: 0xff0000ff]
21:12:30.387 [FXGL Background Thread 3 ] DEBUG Engine               - devEnableDebugCameraProperty: BooleanProperty [value: false]
21:12:30.387 [FXGL Background Thread 3 ] DEBUG Engine               - devSensorColorProperty: ObjectProperty [value: 0xffff00ff]
21:12:30.387 [FXGL Background Thread 3 ] DEBUG Engine               - devShowBBoxProperty: BooleanProperty [value: false]
21:12:30.387 [FXGL Background Thread 3 ] DEBUG Engine               - devShowPositionProperty: BooleanProperty [value: false]
21:12:30.387 [FXGL Background Thread 3 ] DEBUG Engine               - enabledMenuItems: []
21:12:30.387 [FXGL Background Thread 3 ] DEBUG Engine               - engineServices: [class com.almasb.fxgl.app.services.FXGLAssetLoaderService, class com.almasb.fxgl.app.FXGLApplication$GameApplicationService, class com.almasb.fxgl.app.services.FXGLDialogService, class com.almasb.fxgl.app.services.IOTaskExecutorService, class com.almasb.fxgl.event.EventBusService, class com.almasb.fxgl.io.FileSystemService, class com.almasb.fxgl.localization.LocalizationService, class com.almasb.fxgl.app.services.SystemBundleService, class com.almasb.fxgl.profile.SaveLoadService, class com.almasb.fxgl.ui.FXGLUIFactoryServiceProvider, class com.almasb.fxgl.ui.FXGLDialogFactoryServiceProvider, class com.almasb.fxgl.audio.AudioPlayer, class com.almasb.fxgl.notification.impl.NotificationServiceProvider, class com.almasb.fxgl.achievement.AchievementService, class com.almasb.fxgl.cutscene.CutsceneService, class com.almasb.fxgl.minigames.MiniGameService, class com.almasb.fxgl.net.NetService, class com.almasb.fxgl.app.services.UpdaterService, class com.almasb.fxgl.dev.DevService]
21:12:30.387 [FXGL Background Thread 3 ] DEBUG Engine               - fontGame: Abel-Regular.ttf
21:12:30.388 [FXGL Background Thread 3 ] DEBUG Engine               - fontMono: lucida_console.ttf
21:12:30.388 [FXGL Background Thread 3 ] DEBUG Engine               - fontText: Courier-Prime.ttf
21:12:30.388 [FXGL Background Thread 3 ] DEBUG Engine               - fontUI: VarelaRound-Regular.ttf
21:12:30.388 [FXGL Background Thread 3 ] DEBUG Engine               - fullScreen: BooleanProperty [value: false]
21:12:30.388 [FXGL Background Thread 3 ] DEBUG Engine               - gameDifficulty: MEDIUM
21:12:30.388 [FXGL Background Thread 3 ] DEBUG Engine               - gameDifficultyProperty: ObjectProperty [value: MEDIUM]
21:12:30.388 [FXGL Background Thread 3 ] DEBUG Engine               - globalMusicVolume: 0.5
21:12:30.388 [FXGL Background Thread 3 ] DEBUG Engine               - globalMusicVolumeProperty: DoubleProperty [value: 0.5]
21:12:30.388 [FXGL Background Thread 3 ] DEBUG Engine               - globalSoundVolume: 0.5
21:12:30.388 [FXGL Background Thread 3 ] DEBUG Engine               - globalSoundVolumeProperty: DoubleProperty [value: 0.5]
21:12:30.388 [FXGL Background Thread 3 ] DEBUG Engine               - height: 600
21:12:30.388 [FXGL Background Thread 3 ] DEBUG Engine               - isAndroid: false
21:12:30.388 [FXGL Background Thread 3 ] DEBUG Engine               - isBrowser: false
21:12:30.388 [FXGL Background Thread 3 ] DEBUG Engine               - isClickFeedbackEnabled: false
21:12:30.388 [FXGL Background Thread 3 ] DEBUG Engine               - isCloseConfirmation: false
21:12:30.389 [FXGL Background Thread 3 ] DEBUG Engine               - isDesktop: true
21:12:30.389 [FXGL Background Thread 3 ] DEBUG Engine               - isDeveloperMenuEnabled: true
21:12:30.389 [FXGL Background Thread 3 ] DEBUG Engine               - isEntityPreloadEnabled: true
21:12:30.389 [FXGL Background Thread 3 ] DEBUG Engine               - isExperimental3D: false
21:12:30.389 [FXGL Background Thread 3 ] DEBUG Engine               - isExperimentalNative: false
21:12:30.389 [FXGL Background Thread 3 ] DEBUG Engine               - isExperimentalTiledLargeMap: false
21:12:30.389 [FXGL Background Thread 3 ] DEBUG Engine               - isFileSystemWriteAllowed: true
21:12:30.389 [FXGL Background Thread 3 ] DEBUG Engine               - isFullScreenAllowed: false
21:12:30.389 [FXGL Background Thread 3 ] DEBUG Engine               - isFullScreenFromStart: false
21:12:30.389 [FXGL Background Thread 3 ] DEBUG Engine               - isGameMenuEnabled: true
21:12:30.389 [FXGL Background Thread 3 ] DEBUG Engine               - isIOS: false
21:12:30.389 [FXGL Background Thread 3 ] DEBUG Engine               - isIntroEnabled: false
21:12:30.389 [FXGL Background Thread 3 ] DEBUG Engine               - isLinux: false
21:12:30.390 [FXGL Background Thread 3 ] DEBUG Engine               - isMac: false
21:12:30.390 [FXGL Background Thread 3 ] DEBUG Engine               - isMainMenuEnabled: true
21:12:30.390 [FXGL Background Thread 3 ] DEBUG Engine               - isManualResizeEnabled: false
21:12:30.390 [FXGL Background Thread 3 ] DEBUG Engine               - isMobile: false
21:12:30.390 [FXGL Background Thread 3 ] DEBUG Engine               - isPreserveResizeRatio: false
21:12:30.390 [FXGL Background Thread 3 ] DEBUG Engine               - isProfilingEnabled: false
21:12:30.390 [FXGL Background Thread 3 ] DEBUG Engine               - isScaleAffectedOnResize: true
21:12:30.390 [FXGL Background Thread 3 ] DEBUG Engine               - isSingleStep: false
21:12:30.390 [FXGL Background Thread 3 ] DEBUG Engine               - isUserProfileEnabled: false
21:12:30.390 [FXGL Background Thread 3 ] DEBUG Engine               - isWindows: true
21:12:30.390 [FXGL Background Thread 3 ] DEBUG Engine               - language: ObjectProperty [value: ENGLISH]
21:12:30.390 [FXGL Background Thread 3 ] DEBUG Engine               - menuKey: ESCAPE
21:12:30.390 [FXGL Background Thread 3 ] DEBUG Engine               - mouseSensitivity: 0.2
21:12:30.390 [FXGL Background Thread 3 ] DEBUG Engine               - notificationViewClass: class com.almasb.fxgl.notification.view.XboxNotificationView
21:12:30.390 [FXGL Background Thread 3 ] DEBUG Engine               - pixelsPerMeter: 50.0
21:12:30.390 [FXGL Background Thread 3 ] DEBUG Engine               - platform: WINDOWS
21:12:30.390 [FXGL Background Thread 3 ] DEBUG Engine               - prefHeightProperty: ReadOnlyDoubleProperty [value: 600.0]
21:12:30.391 [FXGL Background Thread 3 ] DEBUG Engine               - prefWidthProperty: ReadOnlyDoubleProperty [value: 1000.0]
21:12:30.391 [FXGL Background Thread 3 ] DEBUG Engine               - profileDir: profiles/
21:12:30.391 [FXGL Background Thread 3 ] DEBUG Engine               - profileName: StringProperty [value: DEFAULT]
21:12:30.391 [FXGL Background Thread 3 ] DEBUG Engine               - randomSeed: -1
21:12:30.391 [FXGL Background Thread 3 ] DEBUG Engine               - runtimeInfo: RuntimeInfo(platform=WINDOWS, version=dev-SNAPSHOT, build=25.04.2021 17.15)
21:12:30.391 [FXGL Background Thread 3 ] DEBUG Engine               - saveFileExt: sav
21:12:30.391 [FXGL Background Thread 3 ] DEBUG Engine               - scaledHeightProp$fxgl: DoubleProperty [bound, value: 600.0]
21:12:30.391 [FXGL Background Thread 3 ] DEBUG Engine               - scaledWidthProp$fxgl: DoubleProperty [bound, value: 1000.0]
21:12:30.391 [FXGL Background Thread 3 ] DEBUG Engine               - sceneFactory: Game$1@42bc01cd
21:12:30.391 [FXGL Background Thread 3 ] DEBUG Engine               - secondsIn24h: 60
21:12:30.391 [FXGL Background Thread 3 ] DEBUG Engine               - soundMenuBack: menu/back.wav
21:12:30.391 [FXGL Background Thread 3 ] DEBUG Engine               - soundMenuPress: menu/press.wav
21:12:30.391 [FXGL Background Thread 3 ] DEBUG Engine               - soundMenuSelect: menu/select.wav
21:12:30.391 [FXGL Background Thread 3 ] DEBUG Engine               - soundNotification: core/notification.wav
21:12:30.391 [FXGL Background Thread 3 ] DEBUG Engine               - stageStyle: DECORATED
21:12:30.391 [FXGL Background Thread 3 ] DEBUG Engine               - supportedLanguages: [ENGLISH, FRENCH, GERMAN, HUNGARIAN, RUSSIAN]
21:12:30.391 [FXGL Background Thread 3 ] DEBUG Engine               - ticksPerSecond: -1
21:12:30.392 [FXGL Background Thread 3 ] DEBUG Engine               - title: NEAT Guns
21:12:30.392 [FXGL Background Thread 3 ] DEBUG Engine               - urlGithub: https://github.com/AlmasB/FXGL
21:12:30.392 [FXGL Background Thread 3 ] DEBUG Engine               - urlLeaderboard: http://fxgl-top.herokuapp.com/
21:12:30.392 [FXGL Background Thread 3 ] DEBUG Engine               - urlPOM: https://raw.githubusercontent.com/AlmasB/FXGL/release/README.md
21:12:30.392 [FXGL Background Thread 3 ] DEBUG Engine               - userAppClass: class Game
21:12:30.392 [FXGL Background Thread 3 ] DEBUG Engine               - version: 0.0
21:12:30.392 [FXGL Background Thread 3 ] DEBUG Engine               - versionCheckDays: 7
21:12:30.392 [FXGL Background Thread 3 ] DEBUG Engine               - width: 1000
21:12:30.392 [FXGL Background Thread 3 ] DEBUG Engine               - Logging services
21:12:30.392 [FXGL Background Thread 3 ] DEBUG Engine               - class com.almasb.fxgl.app.services.FXGLAssetLoaderService
21:12:30.392 [FXGL Background Thread 3 ] DEBUG Engine               - class com.almasb.fxgl.app.FXGLApplication$GameApplicationService
21:12:30.392 [FXGL Background Thread 3 ] DEBUG Engine               - class com.almasb.fxgl.app.services.FXGLDialogService
21:12:30.392 [FXGL Background Thread 3 ] DEBUG Engine               - class com.almasb.fxgl.app.services.IOTaskExecutorService
21:12:30.392 [FXGL Background Thread 3 ] DEBUG Engine               - class com.almasb.fxgl.event.EventBusService
21:12:30.392 [FXGL Background Thread 3 ] DEBUG Engine               - class com.almasb.fxgl.io.FileSystemService
21:12:30.392 [FXGL Background Thread 3 ] DEBUG Engine               - class com.almasb.fxgl.localization.LocalizationService
21:12:30.392 [FXGL Background Thread 3 ] DEBUG Engine               - class com.almasb.fxgl.app.services.SystemBundleService
21:12:30.392 [FXGL Background Thread 3 ] DEBUG Engine               - class com.almasb.fxgl.profile.SaveLoadService
21:12:30.392 [FXGL Background Thread 3 ] DEBUG Engine               - class com.almasb.fxgl.ui.FXGLUIFactoryServiceProvider
21:12:30.393 [FXGL Background Thread 3 ] DEBUG Engine               - class com.almasb.fxgl.ui.FXGLDialogFactoryServiceProvider
21:12:30.393 [FXGL Background Thread 3 ] DEBUG Engine               - class com.almasb.fxgl.audio.AudioPlayer
21:12:30.393 [FXGL Background Thread 3 ] DEBUG Engine               - class com.almasb.fxgl.notification.impl.NotificationServiceProvider
21:12:30.393 [FXGL Background Thread 3 ] DEBUG Engine               - class com.almasb.fxgl.achievement.AchievementService
21:12:30.393 [FXGL Background Thread 3 ] DEBUG Engine               - class com.almasb.fxgl.cutscene.CutsceneService
21:12:30.393 [FXGL Background Thread 3 ] DEBUG Engine               - class com.almasb.fxgl.minigames.MiniGameService
21:12:30.393 [FXGL Background Thread 3 ] DEBUG Engine               - class com.almasb.fxgl.net.NetService
21:12:30.393 [FXGL Background Thread 3 ] DEBUG Engine               - class com.almasb.fxgl.app.services.UpdaterService
21:12:30.393 [FXGL Background Thread 3 ] DEBUG Engine               - class com.almasb.fxgl.dev.DevService
21:12:30.949 [JavaFX Application Thread] DEBUG PrimaryStageWindow   - Push state: GameMenu
21:12:30.949 [JavaFX Application Thread] DEBUG Input                - Clearing active input actions
21:12:30.950 [JavaFX Application Thread] DEBUG GameApplicationServi - Removing overlay from GameScene and adding to GameMenu
21:12:30.951 [JavaFX Application Thread] DEBUG PrimaryStageWindow   - GameScene -> GameMenu
21:12:32.828 [JavaFX Application Thread] DEBUG Menu                 - fireExitToMainMenu()
21:12:32.830 [JavaFX Application Thread] DEBUG PrimaryStageWindow   - Push state: DialogSubScene
21:12:32.830 [JavaFX Application Thread] DEBUG Input                - Clearing active input actions
21:12:32.830 [JavaFX Application Thread] DEBUG GameApplicationServi - Removing overlay from GameMenu and adding to DialogSubScene
21:12:32.833 [JavaFX Application Thread] DEBUG PrimaryStageWindow   - GameMenu -> DialogSubScene
21:12:33.773 [JavaFX Application Thread] DEBUG PrimaryStageWindow   - Pop state: DialogSubScene
21:12:33.773 [JavaFX Application Thread] DEBUG Input                - Clearing active input actions
21:12:33.786 [JavaFX Application Thread] DEBUG GameApplicationServi - Removing overlay from DialogSubScene and adding to GameMenu
21:12:33.786 [JavaFX Application Thread] DEBUG PrimaryStageWindow   - GameMenu <- DialogSubScene
21:12:33.787 [JavaFX Application Thread] DEBUG PrimaryStageWindow   - Pop state: GameMenu
21:12:33.787 [JavaFX Application Thread] DEBUG Input                - Clearing active input actions
21:12:33.790 [JavaFX Application Thread] DEBUG GameApplicationServi - Removing overlay from GameMenu and adding to GameScene
21:12:33.791 [JavaFX Application Thread] DEBUG PrimaryStageWindow   - GameScene <- GameMenu
21:12:33.791 [JavaFX Application Thread] DEBUG Input                - Clearing active input actions
21:12:33.797 [JavaFX Application Thread] DEBUG GameApplicationServi - Removing overlay from GameScene and adding to FXGLMainMenuDummyScene
21:12:33.799 [JavaFX Application Thread] DEBUG PrimaryStageWindow   - GameScene -> FXGLMainMenuDummyScene
21:12:33.799 [JavaFX Application Thread] DEBUG PrimaryStageWindow   - Push state: MainMenu
21:12:33.799 [JavaFX Application Thread] DEBUG Input                - Clearing active input actions
21:12:33.801 [JavaFX Application Thread] DEBUG GameApplicationServi - Removing overlay from FXGLMainMenuDummyScene and adding to MainMenu
21:12:33.801 [JavaFX Application Thread] DEBUG PrimaryStageWindow   - FXGLMainMenuDummyScene -> MainMenu
21:12:35.200 [JavaFX Application Thread] DEBUG FXGLApplication      - Exiting FXGL
21:12:35.200 [JavaFX Application Thread] DEBUG LoopRunner           - Stopping loop
21:12:35.200 [JavaFX Application Thread] DEBUG SystemBundleService  - Saving FXGL system data
21:12:35.201 [JavaFX Application Thread] DEBUG FileSystemAccess     - Writing to: C:\Users\anmay\IdeaProjects\Final Project\system\fxgl.bundle
21:12:35.202 [JavaFX Application Thread] DEBUG Async                - Shutting down background threads
21:12:35.202 [JavaFX Application Thread] DEBUG PrimaryStageWindow   - Closing main window
21:12:35.210 [JavaFX Application Thread] DEBUG Logger               - Closing Logger
