13:04:47.423 [main                     ] DEBUG Logger               - Configured Logger
13:04:47.427 [main                     ] DEBUG GameApplication      - Logging settings
Title: NEAT Guns
Version: 0.0
Width: 1000
Height: 600
Fullscreen: false
Intro: false
Profiling: false
Single step:false
App Mode: DEVELOPER
Menu Key: ESCAPE
Stage Style: DECORATED
Scene Factory: class Game$1

13:04:47.663 [JavaFX Application Thread] DEBUG FXGLApplication      - Initializing FXGL
13:04:47.665 [JavaFX Application Thread] INFO  Engine               - FXGL-dev-SNAPSHOT (25.04.2021 17.15) on WINDOWS (J:14.0.2 FX:14.0.2.1)
13:04:47.665 [JavaFX Application Thread] DEBUG Engine               - JRE Vendor Name: Oracle Corporation
13:04:47.665 [JavaFX Application Thread] DEBUG Engine               - Running on OS: Windows 10 version 10.0
13:04:47.666 [JavaFX Application Thread] DEBUG Engine               - Architecture: amd64
13:04:47.666 [JavaFX Application Thread] INFO  Engine               - Source code and latest versions at: https://github.com/AlmasB/FXGL
13:04:47.666 [JavaFX Application Thread] INFO  Engine               -              Join the FXGL chat at: https://gitter.im/AlmasB/FXGL
13:04:47.751 [JavaFX Application Thread] DEBUG PrimaryStageWindow   - Creating a JavaFX scene
13:04:47.788 [JavaFX Application Thread] DEBUG PrimaryStageWindow   - Target settings size: 1000.0 x 600.0
13:04:47.788 [JavaFX Application Thread] DEBUG PrimaryStageWindow   - Scaled scene size:    1000.0 x 600.0
13:04:47.788 [JavaFX Application Thread] DEBUG PrimaryStageWindow   - Scaled ratio: (1.0, 1.0)
13:04:47.789 [JavaFX Application Thread] DEBUG PrimaryStageWindow   - Set initial scene to FXGLStartupScene
13:04:47.794 [JavaFX Application Thread] DEBUG PrimaryStageWindow   - Opening main window
13:04:47.858 [JavaFX Application Thread] DEBUG PrimaryStageWindow   - Window border size: (16.0, 39.0)
13:04:47.858 [JavaFX Application Thread] DEBUG PrimaryStageWindow   - Scaled size: 1000.0 x 600.0
13:04:47.858 [JavaFX Application Thread] DEBUG PrimaryStageWindow   - Scaled ratio: (1.0, 1.0)
13:04:47.858 [JavaFX Application Thread] DEBUG PrimaryStageWindow   - Scene size: 1000.0 x 600.0
13:04:47.858 [JavaFX Application Thread] DEBUG PrimaryStageWindow   - Stage size: 1016.0 x 639.0
13:04:47.865 [FXGL Background Thread 1 ] DEBUG Engine               - Initializing environment variables
13:04:47.894 [FXGL Background Thread 1 ] DEBUG FXGLAssetLoaderServi - User app class for loading assets: class Game
13:04:47.894 [FXGL Background Thread 1 ] DEBUG GameApplicationServi - Applying CSS: fxgl_dark.css
13:04:47.895 [FXGL Background Thread 1 ] DEBUG FXGLAssetLoaderServi - Loading from file system: jar:file:/C:/Users/anmay/.m2/repository/com/github/almasb/fxgl/dev-SNAPSHOT/fxgl-dev-20210425.171557-1750.jar!/fxglassets/ui/css/fxgl_dark.css
13:04:47.927 [FXGL Background Thread 1 ] DEBUG GameApplicationServi - Initializing application scenes
13:04:47.954 [FXGL Background Thread 1 ] DEBUG GameWorld            - Game world initialized
13:04:48.005 [FXGL Background Thread 1 ] DEBUG PhysicsWorld         - Physics world initialized: appHeight=600, physics.ppm=50.0
13:04:48.005 [FXGL Background Thread 1 ] DEBUG PhysicsWorld         - Using strategy: BRUTE_FORCE
13:04:48.007 [FXGL Background Thread 1 ] DEBUG GameScene            - Game scene initialized: 1000x600
13:04:48.080 [FXGL Background Thread 1 ] DEBUG GameApplicationServi - Application scenes initialized
13:04:48.091 [FXGL Background Thread 1 ] DEBUG SystemBundleService  - Loading FXGL system data
13:04:48.094 [FXGL Background Thread 1 ] DEBUG FileSystemAccess     - Reading from: C:\Users\anmay\IdeaProjects\Final Project\system\fxgl.bundle
13:04:48.098 [FXGL Background Thread 1 ] DEBUG SystemBundleService  - Bundle FXGL: {}
13:04:48.098 [FXGL Background Thread 1 ] DEBUG UpdaterService       - Checking for updates
13:04:48.120 [FXGL Background Thread 4 ] DEBUG FXGLApplication      - Loading fonts
13:04:48.120 [FXGL Background Thread 1 ] DEBUG FXGLApplication      - Loading default localization
13:04:48.121 [FXGL Background Thread 4 ] DEBUG FXGLAssetLoaderServi - Loading from file system: jar:file:/C:/Users/anmay/.m2/repository/com/github/almasb/fxgl/dev-SNAPSHOT/fxgl-dev-20210425.171557-1750.jar!/fxglassets/ui/fonts/VarelaRound-Regular.ttf
13:04:48.121 [FXGL Background Thread 1 ] DEBUG FXGLAssetLoaderServi - Loading from file system: jar:file:/C:/Users/anmay/.m2/repository/com/github/almasb/fxgl/dev-SNAPSHOT/fxgl-dev-20210425.171557-1750.jar!/fxglassets/languages/english.lang
13:04:48.131 [FXGL Background Thread 1 ] INFO  FXGLApplication      - FXGL initialization took: 0.266 sec
13:04:48.133 [JavaFX Application Thread] DEBUG Input                - Registered new binding: Shoot Mouse - LMB
13:04:48.138 [JavaFX Application Thread] DEBUG Input                - Registered new binding: Shoot Mouse Keypad - Enter
13:04:48.139 [JavaFX Application Thread] DEBUG FXGLAssetLoaderServi - Loading from file system: jar:file:/C:/Users/anmay/.m2/repository/com/github/almasb/fxgl/dev-SNAPSHOT/fxgl-dev-20210425.171557-1750.jar!/fxglassets/textures/fxgl_icon.png
13:04:48.152 [FXGL Background Thread 4 ] DEBUG FXGLAssetLoaderServi - Loading from file system: jar:file:/C:/Users/anmay/.m2/repository/com/github/almasb/fxgl/dev-SNAPSHOT/fxgl-dev-20210425.171557-1750.jar!/fxglassets/ui/fonts/Abel-Regular.ttf
13:04:48.154 [FXGL Background Thread 4 ] DEBUG FXGLAssetLoaderServi - Loading from file system: jar:file:/C:/Users/anmay/.m2/repository/com/github/almasb/fxgl/dev-SNAPSHOT/fxgl-dev-20210425.171557-1750.jar!/fxglassets/ui/fonts/lucida_console.ttf
13:04:48.158 [FXGL Background Thread 4 ] DEBUG FXGLAssetLoaderServi - Loading from file system: jar:file:/C:/Users/anmay/.m2/repository/com/github/almasb/fxgl/dev-SNAPSHOT/fxgl-dev-20210425.171557-1750.jar!/fxglassets/ui/fonts/Courier-Prime.ttf
13:04:48.177 [JavaFX Application Thread] DEBUG FXGLAssetLoaderServi - Loading from file system: jar:file:/C:/Users/anmay/.m2/repository/com/github/almasb/fxgl/dev-SNAPSHOT/fxgl-dev-20210425.171557-1750.jar!/fxglassets/ui/cursors/fxgl_default.png
13:04:48.179 [JavaFX Application Thread] DEBUG Input                - Registered new binding: Screenshot - CTRL+8
13:04:48.179 [JavaFX Application Thread] DEBUG Input                - Registered new binding: Dev Options - 1
13:04:48.180 [JavaFX Application Thread] DEBUG Input                - Registered new binding: Dev Console - 2
13:04:48.180 [JavaFX Application Thread] DEBUG Input                - Registered new binding: System info dump - CTRL+9
13:04:48.180 [JavaFX Application Thread] DEBUG Input                - Registered new binding: Restart - CTRL+R
13:04:48.180 [JavaFX Application Thread] DEBUG Input                - Registered new binding: Toggle Debug Camera - CTRL+C
13:04:48.182 [JavaFX Application Thread] DEBUG LoopRunner           - Starting loop
13:04:48.193 [JavaFX Application Thread] DEBUG LoopRunner           - Initializing JavaFX AnimationTimerLoop
13:04:48.196 [JavaFX Application Thread] DEBUG Input                - Clearing active input actions
13:04:48.202 [JavaFX Application Thread] DEBUG GameApplicationServi - Removing overlay from FXGLStartupScene and adding to FXGLMainMenuDummyScene
13:04:48.205 [JavaFX Application Thread] DEBUG PrimaryStageWindow   - FXGLStartupScene -> FXGLMainMenuDummyScene
13:04:48.205 [JavaFX Application Thread] DEBUG PrimaryStageWindow   - Push state: MainMenu
13:04:48.205 [JavaFX Application Thread] DEBUG Input                - Clearing active input actions
13:04:48.221 [JavaFX Application Thread] DEBUG GameApplicationServi - Removing overlay from FXGLMainMenuDummyScene and adding to MainMenu
13:04:48.222 [JavaFX Application Thread] DEBUG PrimaryStageWindow   - FXGLMainMenuDummyScene -> MainMenu
13:04:48.223 [JavaFX Application Thread] DEBUG FXGLApplication      - Registering font factories with UI factory
13:04:48.525 [FXGL Background Thread 2 ] INFO  UpdaterService       - Your current version:  dev-SNAPSHOT
13:04:48.526 [FXGL Background Thread 2 ] INFO  UpdaterService       - Latest stable version: 11.15
13:04:49.620 [JavaFX Application Thread] DEBUG Menu                 - fireNewGame()
13:04:49.620 [JavaFX Application Thread] DEBUG GameApplicationServi - Starting new game
13:04:49.620 [JavaFX Application Thread] DEBUG PrimaryStageWindow   - Pop state: MainMenu
13:04:49.621 [JavaFX Application Thread] DEBUG Input                - Clearing active input actions
13:04:49.622 [JavaFX Application Thread] DEBUG GameApplicationServi - Removing overlay from MainMenu and adding to FXGLMainMenuDummyScene
13:04:49.623 [JavaFX Application Thread] DEBUG PrimaryStageWindow   - FXGLMainMenuDummyScene <- MainMenu
13:04:49.623 [JavaFX Application Thread] DEBUG Input                - Clearing active input actions
13:04:49.627 [JavaFX Application Thread] DEBUG GameApplicationServi - Removing overlay from FXGLMainMenuDummyScene and adding to FXGLLoadingScene
13:04:49.628 [JavaFX Application Thread] DEBUG PrimaryStageWindow   - FXGLMainMenuDummyScene -> FXGLLoadingScene
13:04:49.628 [JavaFX Application Thread] DEBUG GameApplicationServi - Clearing previous game
13:04:49.628 [JavaFX Application Thread] DEBUG GameScene            - Clearing game scene
13:04:49.628 [JavaFX Application Thread] DEBUG GameWorld            - Clearing game world
13:04:49.628 [JavaFX Application Thread] DEBUG PhysicsWorld         - Clearing physics world
13:04:49.629 [FXGL Background Thread 2 ] DEBUG FXGLApplication      - Initializing game
13:04:49.636 [FXGL Background Thread 2 ] DEBUG FXGLAssetLoaderServi - Loading from file system: file:/C:/Users/anmay/IdeaProjects/Final%20Project/target/classes/assets/textures/Target1.png
13:04:49.686 [FXGL Background Thread 2 ] INFO  FXGLApplication      - Game initialization took: 0.057 sec
13:04:49.694 [JavaFX Application Thread] DEBUG Input                - Clearing active input actions
13:04:49.701 [JavaFX Application Thread] DEBUG GameApplicationServi - Removing overlay from FXGLLoadingScene and adding to GameScene
13:04:49.702 [JavaFX Application Thread] DEBUG PrimaryStageWindow   - FXGLLoadingScene -> GameScene
13:04:49.714 [JavaFX Application Thread] DEBUG FXGLAssetLoaderServi - Loading from file system: file:/C:/Users/anmay/IdeaProjects/Final%20Project/target/classes/assets/textures/Cannon.png
13:04:51.120 [FXGL Background Thread 3 ] DEBUG Engine               - Logging environment variables
13:04:51.120 [FXGL Background Thread 3 ] DEBUG Engine               - achievements: []
13:04:51.120 [FXGL Background Thread 3 ] DEBUG Engine               - actualHeight: 600.0
13:04:51.120 [FXGL Background Thread 3 ] DEBUG Engine               - actualHeightProperty: ReadOnlyDoubleProperty [value: 600.0]
13:04:51.120 [FXGL Background Thread 3 ] DEBUG Engine               - actualWidth: 1000.0
13:04:51.120 [FXGL Background Thread 3 ] DEBUG Engine               - actualWidthProperty: ReadOnlyDoubleProperty [value: 1000.0]
13:04:51.120 [FXGL Background Thread 3 ] DEBUG Engine               - appIcon: fxgl_icon.png
13:04:51.120 [FXGL Background Thread 3 ] DEBUG Engine               - applicationMode: DEVELOPER
13:04:51.121 [FXGL Background Thread 3 ] DEBUG Engine               - cSSList: [fxgl_dark.css]
13:04:51.121 [FXGL Background Thread 3 ] DEBUG Engine               - collisionDetectionStrategy: BRUTE_FORCE
13:04:51.121 [FXGL Background Thread 3 ] DEBUG Engine               - configClass: Optional.empty
13:04:51.121 [FXGL Background Thread 3 ] DEBUG Engine               - credits: []
13:04:51.121 [FXGL Background Thread 3 ] DEBUG Engine               - devBBoxColorProperty: ObjectProperty [value: 0xff0000ff]
13:04:51.121 [FXGL Background Thread 3 ] DEBUG Engine               - devEnableDebugCameraProperty: BooleanProperty [value: false]
13:04:51.121 [FXGL Background Thread 3 ] DEBUG Engine               - devSensorColorProperty: ObjectProperty [value: 0xffff00ff]
13:04:51.121 [FXGL Background Thread 3 ] DEBUG Engine               - devShowBBoxProperty: BooleanProperty [value: false]
13:04:51.121 [FXGL Background Thread 3 ] DEBUG Engine               - devShowPositionProperty: BooleanProperty [value: false]
13:04:51.121 [FXGL Background Thread 3 ] DEBUG Engine               - enabledMenuItems: []
13:04:51.121 [FXGL Background Thread 3 ] DEBUG Engine               - engineServices: [class com.almasb.fxgl.app.services.FXGLAssetLoaderService, class com.almasb.fxgl.app.FXGLApplication$GameApplicationService, class com.almasb.fxgl.app.services.FXGLDialogService, class com.almasb.fxgl.app.services.IOTaskExecutorService, class com.almasb.fxgl.event.EventBusService, class com.almasb.fxgl.io.FileSystemService, class com.almasb.fxgl.localization.LocalizationService, class com.almasb.fxgl.app.services.SystemBundleService, class com.almasb.fxgl.profile.SaveLoadService, class com.almasb.fxgl.ui.FXGLUIFactoryServiceProvider, class com.almasb.fxgl.ui.FXGLDialogFactoryServiceProvider, class com.almasb.fxgl.audio.AudioPlayer, class com.almasb.fxgl.notification.impl.NotificationServiceProvider, class com.almasb.fxgl.achievement.AchievementService, class com.almasb.fxgl.cutscene.CutsceneService, class com.almasb.fxgl.minigames.MiniGameService, class com.almasb.fxgl.net.NetService, class com.almasb.fxgl.app.services.UpdaterService, class com.almasb.fxgl.dev.DevService]
13:04:51.121 [FXGL Background Thread 3 ] DEBUG Engine               - fontGame: Abel-Regular.ttf
13:04:51.121 [FXGL Background Thread 3 ] DEBUG Engine               - fontMono: lucida_console.ttf
13:04:51.121 [FXGL Background Thread 3 ] DEBUG Engine               - fontText: Courier-Prime.ttf
13:04:51.121 [FXGL Background Thread 3 ] DEBUG Engine               - fontUI: VarelaRound-Regular.ttf
13:04:51.122 [FXGL Background Thread 3 ] DEBUG Engine               - fullScreen: BooleanProperty [value: false]
13:04:51.122 [FXGL Background Thread 3 ] DEBUG Engine               - gameDifficulty: MEDIUM
13:04:51.122 [FXGL Background Thread 3 ] DEBUG Engine               - gameDifficultyProperty: ObjectProperty [value: MEDIUM]
13:04:51.122 [FXGL Background Thread 3 ] DEBUG Engine               - globalMusicVolume: 0.5
13:04:51.122 [FXGL Background Thread 3 ] DEBUG Engine               - globalMusicVolumeProperty: DoubleProperty [value: 0.5]
13:04:51.122 [FXGL Background Thread 3 ] DEBUG Engine               - globalSoundVolume: 0.5
13:04:51.122 [FXGL Background Thread 3 ] DEBUG Engine               - globalSoundVolumeProperty: DoubleProperty [value: 0.5]
13:04:51.122 [FXGL Background Thread 3 ] DEBUG Engine               - height: 600
13:04:51.122 [FXGL Background Thread 3 ] DEBUG Engine               - isAndroid: false
13:04:51.122 [FXGL Background Thread 3 ] DEBUG Engine               - isBrowser: false
13:04:51.122 [FXGL Background Thread 3 ] DEBUG Engine               - isClickFeedbackEnabled: false
13:04:51.122 [FXGL Background Thread 3 ] DEBUG Engine               - isCloseConfirmation: false
13:04:51.122 [FXGL Background Thread 3 ] DEBUG Engine               - isDesktop: true
13:04:51.122 [FXGL Background Thread 3 ] DEBUG Engine               - isDeveloperMenuEnabled: true
13:04:51.122 [FXGL Background Thread 3 ] DEBUG Engine               - isEntityPreloadEnabled: true
13:04:51.122 [FXGL Background Thread 3 ] DEBUG Engine               - isExperimental3D: false
13:04:51.122 [FXGL Background Thread 3 ] DEBUG Engine               - isExperimentalNative: false
13:04:51.122 [FXGL Background Thread 3 ] DEBUG Engine               - isExperimentalTiledLargeMap: false
13:04:51.123 [FXGL Background Thread 3 ] DEBUG Engine               - isFileSystemWriteAllowed: true
13:04:51.123 [FXGL Background Thread 3 ] DEBUG Engine               - isFullScreenAllowed: false
13:04:51.123 [FXGL Background Thread 3 ] DEBUG Engine               - isFullScreenFromStart: false
13:04:51.123 [FXGL Background Thread 3 ] DEBUG Engine               - isGameMenuEnabled: true
13:04:51.123 [FXGL Background Thread 3 ] DEBUG Engine               - isIOS: false
13:04:51.123 [FXGL Background Thread 3 ] DEBUG Engine               - isIntroEnabled: false
13:04:51.123 [FXGL Background Thread 3 ] DEBUG Engine               - isLinux: false
13:04:51.123 [FXGL Background Thread 3 ] DEBUG Engine               - isMac: false
13:04:51.123 [FXGL Background Thread 3 ] DEBUG Engine               - isMainMenuEnabled: true
13:04:51.123 [FXGL Background Thread 3 ] DEBUG Engine               - isManualResizeEnabled: false
13:04:51.123 [FXGL Background Thread 3 ] DEBUG Engine               - isMobile: false
13:04:51.123 [FXGL Background Thread 3 ] DEBUG Engine               - isPreserveResizeRatio: false
13:04:51.123 [FXGL Background Thread 3 ] DEBUG Engine               - isProfilingEnabled: false
13:04:51.123 [FXGL Background Thread 3 ] DEBUG Engine               - isScaleAffectedOnResize: true
13:04:51.123 [FXGL Background Thread 3 ] DEBUG Engine               - isSingleStep: false
13:04:51.123 [FXGL Background Thread 3 ] DEBUG Engine               - isUserProfileEnabled: false
13:04:51.123 [FXGL Background Thread 3 ] DEBUG Engine               - isWindows: true
13:04:51.124 [FXGL Background Thread 3 ] DEBUG Engine               - language: ObjectProperty [value: ENGLISH]
13:04:51.124 [FXGL Background Thread 3 ] DEBUG Engine               - menuKey: ESCAPE
13:04:51.124 [FXGL Background Thread 3 ] DEBUG Engine               - mouseSensitivity: 0.2
13:04:51.124 [FXGL Background Thread 3 ] DEBUG Engine               - notificationViewClass: class com.almasb.fxgl.notification.view.XboxNotificationView
13:04:51.124 [FXGL Background Thread 3 ] DEBUG Engine               - pixelsPerMeter: 50.0
13:04:51.124 [FXGL Background Thread 3 ] DEBUG Engine               - platform: WINDOWS
13:04:51.124 [FXGL Background Thread 3 ] DEBUG Engine               - prefHeightProperty: ReadOnlyDoubleProperty [value: 600.0]
13:04:51.124 [FXGL Background Thread 3 ] DEBUG Engine               - prefWidthProperty: ReadOnlyDoubleProperty [value: 1000.0]
13:04:51.124 [FXGL Background Thread 3 ] DEBUG Engine               - profileDir: profiles/
13:04:51.124 [FXGL Background Thread 3 ] DEBUG Engine               - profileName: StringProperty [value: DEFAULT]
13:04:51.124 [FXGL Background Thread 3 ] DEBUG Engine               - randomSeed: -1
13:04:51.124 [FXGL Background Thread 3 ] DEBUG Engine               - runtimeInfo: RuntimeInfo(platform=WINDOWS, version=dev-SNAPSHOT, build=25.04.2021 17.15)
13:04:51.124 [FXGL Background Thread 3 ] DEBUG Engine               - saveFileExt: sav
13:04:51.124 [FXGL Background Thread 3 ] DEBUG Engine               - scaledHeightProp$fxgl: DoubleProperty [bound, value: 600.0]
13:04:51.124 [FXGL Background Thread 3 ] DEBUG Engine               - scaledWidthProp$fxgl: DoubleProperty [bound, value: 1000.0]
13:04:51.124 [FXGL Background Thread 3 ] DEBUG Engine               - sceneFactory: Game$1@2197fe3f
13:04:51.124 [FXGL Background Thread 3 ] DEBUG Engine               - secondsIn24h: 60
13:04:51.124 [FXGL Background Thread 3 ] DEBUG Engine               - soundMenuBack: menu/back.wav
13:04:51.125 [FXGL Background Thread 3 ] DEBUG Engine               - soundMenuPress: menu/press.wav
13:04:51.125 [FXGL Background Thread 3 ] DEBUG Engine               - soundMenuSelect: menu/select.wav
13:04:51.125 [FXGL Background Thread 3 ] DEBUG Engine               - soundNotification: core/notification.wav
13:04:51.125 [FXGL Background Thread 3 ] DEBUG Engine               - stageStyle: DECORATED
13:04:51.125 [FXGL Background Thread 3 ] DEBUG Engine               - supportedLanguages: [ENGLISH, FRENCH, GERMAN, HUNGARIAN, RUSSIAN]
13:04:51.125 [FXGL Background Thread 3 ] DEBUG Engine               - ticksPerSecond: -1
13:04:51.125 [FXGL Background Thread 3 ] DEBUG Engine               - title: NEAT Guns
13:04:51.125 [FXGL Background Thread 3 ] DEBUG Engine               - urlGithub: https://github.com/AlmasB/FXGL
13:04:51.125 [FXGL Background Thread 3 ] DEBUG Engine               - urlLeaderboard: http://fxgl-top.herokuapp.com/
13:04:51.125 [FXGL Background Thread 3 ] DEBUG Engine               - urlPOM: https://raw.githubusercontent.com/AlmasB/FXGL/release/README.md
13:04:51.125 [FXGL Background Thread 3 ] DEBUG Engine               - userAppClass: class Game
13:04:51.125 [FXGL Background Thread 3 ] DEBUG Engine               - version: 0.0
13:04:51.125 [FXGL Background Thread 3 ] DEBUG Engine               - versionCheckDays: 7
13:04:51.125 [FXGL Background Thread 3 ] DEBUG Engine               - width: 1000
13:04:51.125 [FXGL Background Thread 3 ] DEBUG Engine               - Logging services
13:04:51.125 [FXGL Background Thread 3 ] DEBUG Engine               - class com.almasb.fxgl.app.services.FXGLAssetLoaderService
13:04:51.125 [FXGL Background Thread 3 ] DEBUG Engine               - class com.almasb.fxgl.app.FXGLApplication$GameApplicationService
13:04:51.125 [FXGL Background Thread 3 ] DEBUG Engine               - class com.almasb.fxgl.app.services.FXGLDialogService
13:04:51.125 [FXGL Background Thread 3 ] DEBUG Engine               - class com.almasb.fxgl.app.services.IOTaskExecutorService
13:04:51.126 [FXGL Background Thread 3 ] DEBUG Engine               - class com.almasb.fxgl.event.EventBusService
13:04:51.126 [FXGL Background Thread 3 ] DEBUG Engine               - class com.almasb.fxgl.io.FileSystemService
13:04:51.126 [FXGL Background Thread 3 ] DEBUG Engine               - class com.almasb.fxgl.localization.LocalizationService
13:04:51.126 [FXGL Background Thread 3 ] DEBUG Engine               - class com.almasb.fxgl.app.services.SystemBundleService
13:04:51.126 [FXGL Background Thread 3 ] DEBUG Engine               - class com.almasb.fxgl.profile.SaveLoadService
13:04:51.126 [FXGL Background Thread 3 ] DEBUG Engine               - class com.almasb.fxgl.ui.FXGLUIFactoryServiceProvider
13:04:51.126 [FXGL Background Thread 3 ] DEBUG Engine               - class com.almasb.fxgl.ui.FXGLDialogFactoryServiceProvider
13:04:51.126 [FXGL Background Thread 3 ] DEBUG Engine               - class com.almasb.fxgl.audio.AudioPlayer
13:04:51.126 [FXGL Background Thread 3 ] DEBUG Engine               - class com.almasb.fxgl.notification.impl.NotificationServiceProvider
13:04:51.126 [FXGL Background Thread 3 ] DEBUG Engine               - class com.almasb.fxgl.achievement.AchievementService
13:04:51.126 [FXGL Background Thread 3 ] DEBUG Engine               - class com.almasb.fxgl.cutscene.CutsceneService
13:04:51.126 [FXGL Background Thread 3 ] DEBUG Engine               - class com.almasb.fxgl.minigames.MiniGameService
13:04:51.126 [FXGL Background Thread 3 ] DEBUG Engine               - class com.almasb.fxgl.net.NetService
13:04:51.126 [FXGL Background Thread 3 ] DEBUG Engine               - class com.almasb.fxgl.app.services.UpdaterService
13:04:51.126 [FXGL Background Thread 3 ] DEBUG Engine               - class com.almasb.fxgl.dev.DevService
13:04:54.700 [JavaFX Application Thread] DEBUG FXGLAssetLoaderServi - Loading from file system: file:/C:/Users/anmay/IdeaProjects/Final%20Project/target/classes/assets/textures/Bullet.png
13:05:01.319 [JavaFX Application Thread] DEBUG FXGLApplication      - Exiting FXGL
13:05:01.319 [JavaFX Application Thread] DEBUG LoopRunner           - Stopping loop
13:05:01.319 [JavaFX Application Thread] DEBUG SystemBundleService  - Saving FXGL system data
13:05:01.321 [JavaFX Application Thread] DEBUG FileSystemAccess     - Writing to: C:\Users\anmay\IdeaProjects\Final Project\system\fxgl.bundle
13:05:01.322 [JavaFX Application Thread] DEBUG Async                - Shutting down background threads
13:05:01.322 [JavaFX Application Thread] DEBUG PrimaryStageWindow   - Closing main window
13:05:01.330 [JavaFX Application Thread] DEBUG Logger               - Closing Logger
