18:58:38.665 [main                     ] DEBUG Logger               - Configured Logger
18:58:38.669 [main                     ] DEBUG GameApplication      - Logging settings
Title: NEAT Guns
Version: 0.0
Width: 1000
Height: 600
Fullscreen: false
Intro: false
Profiling: false
Single step:false
App Mode: DEVELOPER
Menu Key: ESCAPE
Stage Style: DECORATED
Scene Factory: class Game$1

18:58:38.901 [JavaFX Application Thread] DEBUG FXGLApplication      - Initializing FXGL
18:58:38.902 [JavaFX Application Thread] INFO  Engine               - FXGL-dev-SNAPSHOT (25.04.2021 17.15) on WINDOWS (J:14.0.2 FX:14.0.2.1)
18:58:38.903 [JavaFX Application Thread] DEBUG Engine               - JRE Vendor Name: Oracle Corporation
18:58:38.903 [JavaFX Application Thread] DEBUG Engine               - Running on OS: Windows 10 version 10.0
18:58:38.903 [JavaFX Application Thread] DEBUG Engine               - Architecture: amd64
18:58:38.903 [JavaFX Application Thread] INFO  Engine               - Source code and latest versions at: https://github.com/AlmasB/FXGL
18:58:38.903 [JavaFX Application Thread] INFO  Engine               -              Join the FXGL chat at: https://gitter.im/AlmasB/FXGL
18:58:38.996 [JavaFX Application Thread] DEBUG PrimaryStageWindow   - Creating a JavaFX scene
18:58:39.033 [JavaFX Application Thread] DEBUG PrimaryStageWindow   - Target settings size: 1000.0 x 600.0
18:58:39.033 [JavaFX Application Thread] DEBUG PrimaryStageWindow   - Scaled scene size:    1000.0 x 600.0
18:58:39.033 [JavaFX Application Thread] DEBUG PrimaryStageWindow   - Scaled ratio: (1.0, 1.0)
18:58:39.034 [JavaFX Application Thread] DEBUG PrimaryStageWindow   - Set initial scene to FXGLStartupScene
18:58:39.039 [JavaFX Application Thread] DEBUG PrimaryStageWindow   - Opening main window
18:58:39.103 [JavaFX Application Thread] DEBUG PrimaryStageWindow   - Window border size: (16.0, 39.0)
18:58:39.103 [JavaFX Application Thread] DEBUG PrimaryStageWindow   - Scaled size: 1000.0 x 600.0
18:58:39.103 [JavaFX Application Thread] DEBUG PrimaryStageWindow   - Scaled ratio: (1.0, 1.0)
18:58:39.103 [JavaFX Application Thread] DEBUG PrimaryStageWindow   - Scene size: 1000.0 x 600.0
18:58:39.103 [JavaFX Application Thread] DEBUG PrimaryStageWindow   - Stage size: 1016.0 x 639.0
18:58:39.110 [FXGL Background Thread 1 ] DEBUG Engine               - Initializing environment variables
18:58:39.135 [FXGL Background Thread 1 ] DEBUG FXGLAssetLoaderServi - User app class for loading assets: class Game
18:58:39.135 [FXGL Background Thread 1 ] DEBUG GameApplicationServi - Applying CSS: fxgl_dark.css
18:58:39.136 [FXGL Background Thread 1 ] DEBUG FXGLAssetLoaderServi - Loading from file system: jar:file:/C:/Users/anmay/.m2/repository/com/github/almasb/fxgl/dev-SNAPSHOT/fxgl-dev-20210425.171557-1750.jar!/fxglassets/ui/css/fxgl_dark.css
18:58:39.167 [FXGL Background Thread 1 ] DEBUG GameApplicationServi - Initializing application scenes
18:58:39.191 [FXGL Background Thread 1 ] DEBUG GameWorld            - Game world initialized
18:58:39.238 [FXGL Background Thread 1 ] DEBUG PhysicsWorld         - Physics world initialized: appHeight=600, physics.ppm=50.0
18:58:39.239 [FXGL Background Thread 1 ] DEBUG PhysicsWorld         - Using strategy: BRUTE_FORCE
18:58:39.241 [FXGL Background Thread 1 ] DEBUG GameScene            - Game scene initialized: 1000x600
18:58:39.310 [FXGL Background Thread 1 ] DEBUG GameApplicationServi - Application scenes initialized
18:58:39.321 [FXGL Background Thread 1 ] DEBUG SystemBundleService  - Loading FXGL system data
18:58:39.324 [FXGL Background Thread 1 ] DEBUG FileSystemAccess     - Reading from: C:\Users\anmay\IdeaProjects\Final Project\system\fxgl.bundle
18:58:39.327 [FXGL Background Thread 1 ] DEBUG SystemBundleService  - Bundle FXGL: {}
18:58:39.327 [FXGL Background Thread 1 ] DEBUG UpdaterService       - Checking for updates
18:58:39.351 [FXGL Background Thread 4 ] DEBUG FXGLApplication      - Loading fonts
18:58:39.351 [FXGL Background Thread 1 ] DEBUG FXGLApplication      - Loading default localization
18:58:39.352 [FXGL Background Thread 4 ] DEBUG FXGLAssetLoaderServi - Loading from file system: jar:file:/C:/Users/anmay/.m2/repository/com/github/almasb/fxgl/dev-SNAPSHOT/fxgl-dev-20210425.171557-1750.jar!/fxglassets/ui/fonts/VarelaRound-Regular.ttf
18:58:39.352 [FXGL Background Thread 1 ] DEBUG FXGLAssetLoaderServi - Loading from file system: jar:file:/C:/Users/anmay/.m2/repository/com/github/almasb/fxgl/dev-SNAPSHOT/fxgl-dev-20210425.171557-1750.jar!/fxglassets/languages/english.lang
18:58:39.362 [FXGL Background Thread 1 ] INFO  FXGLApplication      - FXGL initialization took: 0.252 sec
18:58:39.365 [JavaFX Application Thread] DEBUG Input                - Registered new binding: Shoot Mouse - LMB
18:58:39.370 [JavaFX Application Thread] DEBUG Input                - Registered new binding: Shoot Mouse Keypad - Enter
18:58:39.371 [JavaFX Application Thread] DEBUG FXGLAssetLoaderServi - Loading from file system: jar:file:/C:/Users/anmay/.m2/repository/com/github/almasb/fxgl/dev-SNAPSHOT/fxgl-dev-20210425.171557-1750.jar!/fxglassets/textures/fxgl_icon.png
18:58:39.380 [FXGL Background Thread 4 ] DEBUG FXGLAssetLoaderServi - Loading from file system: jar:file:/C:/Users/anmay/.m2/repository/com/github/almasb/fxgl/dev-SNAPSHOT/fxgl-dev-20210425.171557-1750.jar!/fxglassets/ui/fonts/Abel-Regular.ttf
18:58:39.383 [FXGL Background Thread 4 ] DEBUG FXGLAssetLoaderServi - Loading from file system: jar:file:/C:/Users/anmay/.m2/repository/com/github/almasb/fxgl/dev-SNAPSHOT/fxgl-dev-20210425.171557-1750.jar!/fxglassets/ui/fonts/lucida_console.ttf
18:58:39.387 [FXGL Background Thread 4 ] DEBUG FXGLAssetLoaderServi - Loading from file system: jar:file:/C:/Users/anmay/.m2/repository/com/github/almasb/fxgl/dev-SNAPSHOT/fxgl-dev-20210425.171557-1750.jar!/fxglassets/ui/fonts/Courier-Prime.ttf
18:58:39.411 [JavaFX Application Thread] DEBUG FXGLAssetLoaderServi - Loading from file system: jar:file:/C:/Users/anmay/.m2/repository/com/github/almasb/fxgl/dev-SNAPSHOT/fxgl-dev-20210425.171557-1750.jar!/fxglassets/ui/cursors/fxgl_default.png
18:58:39.413 [JavaFX Application Thread] DEBUG Input                - Registered new binding: Screenshot - CTRL+8
18:58:39.413 [JavaFX Application Thread] DEBUG Input                - Registered new binding: Dev Options - 1
18:58:39.414 [JavaFX Application Thread] DEBUG Input                - Registered new binding: Dev Console - 2
18:58:39.414 [JavaFX Application Thread] DEBUG Input                - Registered new binding: System info dump - CTRL+9
18:58:39.414 [JavaFX Application Thread] DEBUG Input                - Registered new binding: Restart - CTRL+R
18:58:39.415 [JavaFX Application Thread] DEBUG Input                - Registered new binding: Toggle Debug Camera - CTRL+C
18:58:39.417 [JavaFX Application Thread] DEBUG LoopRunner           - Starting loop
18:58:39.426 [JavaFX Application Thread] DEBUG LoopRunner           - Initializing JavaFX AnimationTimerLoop
18:58:39.428 [JavaFX Application Thread] DEBUG Input                - Clearing active input actions
18:58:39.434 [JavaFX Application Thread] DEBUG GameApplicationServi - Removing overlay from FXGLStartupScene and adding to FXGLMainMenuDummyScene
18:58:39.437 [JavaFX Application Thread] DEBUG PrimaryStageWindow   - FXGLStartupScene -> FXGLMainMenuDummyScene
18:58:39.437 [JavaFX Application Thread] DEBUG PrimaryStageWindow   - Push state: MainMenu
18:58:39.437 [JavaFX Application Thread] DEBUG Input                - Clearing active input actions
18:58:39.454 [JavaFX Application Thread] DEBUG GameApplicationServi - Removing overlay from FXGLMainMenuDummyScene and adding to MainMenu
18:58:39.454 [JavaFX Application Thread] DEBUG PrimaryStageWindow   - FXGLMainMenuDummyScene -> MainMenu
18:58:39.455 [JavaFX Application Thread] DEBUG FXGLApplication      - Registering font factories with UI factory
18:58:39.818 [FXGL Background Thread 2 ] INFO  UpdaterService       - Your current version:  dev-SNAPSHOT
18:58:39.818 [FXGL Background Thread 2 ] INFO  UpdaterService       - Latest stable version: 11.15
18:58:40.834 [JavaFX Application Thread] DEBUG Menu                 - fireNewGame()
18:58:40.834 [JavaFX Application Thread] DEBUG GameApplicationServi - Starting new game
18:58:40.834 [JavaFX Application Thread] DEBUG PrimaryStageWindow   - Pop state: MainMenu
18:58:40.834 [JavaFX Application Thread] DEBUG Input                - Clearing active input actions
18:58:40.835 [JavaFX Application Thread] DEBUG GameApplicationServi - Removing overlay from MainMenu and adding to FXGLMainMenuDummyScene
18:58:40.837 [JavaFX Application Thread] DEBUG PrimaryStageWindow   - FXGLMainMenuDummyScene <- MainMenu
18:58:40.837 [JavaFX Application Thread] DEBUG Input                - Clearing active input actions
18:58:40.841 [JavaFX Application Thread] DEBUG GameApplicationServi - Removing overlay from FXGLMainMenuDummyScene and adding to FXGLLoadingScene
18:58:40.841 [JavaFX Application Thread] DEBUG PrimaryStageWindow   - FXGLMainMenuDummyScene -> FXGLLoadingScene
18:58:40.841 [JavaFX Application Thread] DEBUG GameApplicationServi - Clearing previous game
18:58:40.841 [JavaFX Application Thread] DEBUG GameScene            - Clearing game scene
18:58:40.841 [JavaFX Application Thread] DEBUG GameWorld            - Clearing game world
18:58:40.841 [JavaFX Application Thread] DEBUG PhysicsWorld         - Clearing physics world
18:58:40.842 [FXGL Background Thread 2 ] DEBUG FXGLApplication      - Initializing game
18:58:40.850 [FXGL Background Thread 2 ] DEBUG FXGLAssetLoaderServi - Loading from file system: file:/C:/Users/anmay/IdeaProjects/Final%20Project/target/classes/assets/textures/Target1.png
18:58:40.900 [FXGL Background Thread 2 ] INFO  FXGLApplication      - Game initialization took: 0.057 sec
18:58:40.900 [JavaFX Application Thread] DEBUG Input                - Clearing active input actions
18:58:40.907 [JavaFX Application Thread] DEBUG GameApplicationServi - Removing overlay from FXGLLoadingScene and adding to GameScene
18:58:40.908 [JavaFX Application Thread] DEBUG PrimaryStageWindow   - FXGLLoadingScene -> GameScene
18:58:40.918 [JavaFX Application Thread] DEBUG FXGLAssetLoaderServi - Loading from file system: file:/C:/Users/anmay/IdeaProjects/Final%20Project/target/classes/assets/textures/Cannon.png
18:58:42.350 [FXGL Background Thread 3 ] DEBUG Engine               - Logging environment variables
18:58:42.350 [FXGL Background Thread 3 ] DEBUG Engine               - achievements: []
18:58:42.350 [FXGL Background Thread 3 ] DEBUG Engine               - actualHeight: 600.0
18:58:42.350 [FXGL Background Thread 3 ] DEBUG Engine               - actualHeightProperty: ReadOnlyDoubleProperty [value: 600.0]
18:58:42.350 [FXGL Background Thread 3 ] DEBUG Engine               - actualWidth: 1000.0
18:58:42.350 [FXGL Background Thread 3 ] DEBUG Engine               - actualWidthProperty: ReadOnlyDoubleProperty [value: 1000.0]
18:58:42.350 [FXGL Background Thread 3 ] DEBUG Engine               - appIcon: fxgl_icon.png
18:58:42.350 [FXGL Background Thread 3 ] DEBUG Engine               - applicationMode: DEVELOPER
18:58:42.351 [FXGL Background Thread 3 ] DEBUG Engine               - cSSList: [fxgl_dark.css]
18:58:42.351 [FXGL Background Thread 3 ] DEBUG Engine               - collisionDetectionStrategy: BRUTE_FORCE
18:58:42.351 [FXGL Background Thread 3 ] DEBUG Engine               - configClass: Optional.empty
18:58:42.351 [FXGL Background Thread 3 ] DEBUG Engine               - credits: []
18:58:42.351 [FXGL Background Thread 3 ] DEBUG Engine               - devBBoxColorProperty: ObjectProperty [value: 0xff0000ff]
18:58:42.351 [FXGL Background Thread 3 ] DEBUG Engine               - devEnableDebugCameraProperty: BooleanProperty [value: false]
18:58:42.351 [FXGL Background Thread 3 ] DEBUG Engine               - devSensorColorProperty: ObjectProperty [value: 0xffff00ff]
18:58:42.351 [FXGL Background Thread 3 ] DEBUG Engine               - devShowBBoxProperty: BooleanProperty [value: false]
18:58:42.351 [FXGL Background Thread 3 ] DEBUG Engine               - devShowPositionProperty: BooleanProperty [value: false]
18:58:42.352 [FXGL Background Thread 3 ] DEBUG Engine               - enabledMenuItems: []
18:58:42.352 [FXGL Background Thread 3 ] DEBUG Engine               - engineServices: [class com.almasb.fxgl.app.services.FXGLAssetLoaderService, class com.almasb.fxgl.app.FXGLApplication$GameApplicationService, class com.almasb.fxgl.app.services.FXGLDialogService, class com.almasb.fxgl.app.services.IOTaskExecutorService, class com.almasb.fxgl.event.EventBusService, class com.almasb.fxgl.io.FileSystemService, class com.almasb.fxgl.localization.LocalizationService, class com.almasb.fxgl.app.services.SystemBundleService, class com.almasb.fxgl.profile.SaveLoadService, class com.almasb.fxgl.ui.FXGLUIFactoryServiceProvider, class com.almasb.fxgl.ui.FXGLDialogFactoryServiceProvider, class com.almasb.fxgl.audio.AudioPlayer, class com.almasb.fxgl.notification.impl.NotificationServiceProvider, class com.almasb.fxgl.achievement.AchievementService, class com.almasb.fxgl.cutscene.CutsceneService, class com.almasb.fxgl.minigames.MiniGameService, class com.almasb.fxgl.net.NetService, class com.almasb.fxgl.app.services.UpdaterService, class com.almasb.fxgl.dev.DevService]
18:58:42.352 [FXGL Background Thread 3 ] DEBUG Engine               - fontGame: Abel-Regular.ttf
18:58:42.352 [FXGL Background Thread 3 ] DEBUG Engine               - fontMono: lucida_console.ttf
18:58:42.352 [FXGL Background Thread 3 ] DEBUG Engine               - fontText: Courier-Prime.ttf
18:58:42.352 [FXGL Background Thread 3 ] DEBUG Engine               - fontUI: VarelaRound-Regular.ttf
18:58:42.352 [FXGL Background Thread 3 ] DEBUG Engine               - fullScreen: BooleanProperty [value: false]
18:58:42.352 [FXGL Background Thread 3 ] DEBUG Engine               - gameDifficulty: MEDIUM
18:58:42.352 [FXGL Background Thread 3 ] DEBUG Engine               - gameDifficultyProperty: ObjectProperty [value: MEDIUM]
18:58:42.352 [FXGL Background Thread 3 ] DEBUG Engine               - globalMusicVolume: 0.5
18:58:42.352 [FXGL Background Thread 3 ] DEBUG Engine               - globalMusicVolumeProperty: DoubleProperty [value: 0.5]
18:58:42.352 [FXGL Background Thread 3 ] DEBUG Engine               - globalSoundVolume: 0.5
18:58:42.352 [FXGL Background Thread 3 ] DEBUG Engine               - globalSoundVolumeProperty: DoubleProperty [value: 0.5]
18:58:42.352 [FXGL Background Thread 3 ] DEBUG Engine               - height: 600
18:58:42.353 [FXGL Background Thread 3 ] DEBUG Engine               - isAndroid: false
18:58:42.353 [FXGL Background Thread 3 ] DEBUG Engine               - isBrowser: false
18:58:42.353 [FXGL Background Thread 3 ] DEBUG Engine               - isClickFeedbackEnabled: false
18:58:42.353 [FXGL Background Thread 3 ] DEBUG Engine               - isCloseConfirmation: false
18:58:42.353 [FXGL Background Thread 3 ] DEBUG Engine               - isDesktop: true
18:58:42.353 [FXGL Background Thread 3 ] DEBUG Engine               - isDeveloperMenuEnabled: true
18:58:42.353 [FXGL Background Thread 3 ] DEBUG Engine               - isEntityPreloadEnabled: true
18:58:42.353 [FXGL Background Thread 3 ] DEBUG Engine               - isExperimental3D: false
18:58:42.353 [FXGL Background Thread 3 ] DEBUG Engine               - isExperimentalNative: false
18:58:42.353 [FXGL Background Thread 3 ] DEBUG Engine               - isExperimentalTiledLargeMap: false
18:58:42.353 [FXGL Background Thread 3 ] DEBUG Engine               - isFileSystemWriteAllowed: true
18:58:42.353 [FXGL Background Thread 3 ] DEBUG Engine               - isFullScreenAllowed: false
18:58:42.353 [FXGL Background Thread 3 ] DEBUG Engine               - isFullScreenFromStart: false
18:58:42.353 [FXGL Background Thread 3 ] DEBUG Engine               - isGameMenuEnabled: true
18:58:42.353 [FXGL Background Thread 3 ] DEBUG Engine               - isIOS: false
18:58:42.354 [FXGL Background Thread 3 ] DEBUG Engine               - isIntroEnabled: false
18:58:42.354 [FXGL Background Thread 3 ] DEBUG Engine               - isLinux: false
18:58:42.354 [FXGL Background Thread 3 ] DEBUG Engine               - isMac: false
18:58:42.354 [FXGL Background Thread 3 ] DEBUG Engine               - isMainMenuEnabled: true
18:58:42.354 [FXGL Background Thread 3 ] DEBUG Engine               - isManualResizeEnabled: false
18:58:42.354 [FXGL Background Thread 3 ] DEBUG Engine               - isMobile: false
18:58:42.354 [FXGL Background Thread 3 ] DEBUG Engine               - isPreserveResizeRatio: false
18:58:42.354 [FXGL Background Thread 3 ] DEBUG Engine               - isProfilingEnabled: false
18:58:42.354 [FXGL Background Thread 3 ] DEBUG Engine               - isScaleAffectedOnResize: true
18:58:42.354 [FXGL Background Thread 3 ] DEBUG Engine               - isSingleStep: false
18:58:42.354 [FXGL Background Thread 3 ] DEBUG Engine               - isUserProfileEnabled: false
18:58:42.354 [FXGL Background Thread 3 ] DEBUG Engine               - isWindows: true
18:58:42.354 [FXGL Background Thread 3 ] DEBUG Engine               - language: ObjectProperty [value: ENGLISH]
18:58:42.354 [FXGL Background Thread 3 ] DEBUG Engine               - menuKey: ESCAPE
18:58:42.354 [FXGL Background Thread 3 ] DEBUG Engine               - mouseSensitivity: 0.2
18:58:42.354 [FXGL Background Thread 3 ] DEBUG Engine               - notificationViewClass: class com.almasb.fxgl.notification.view.XboxNotificationView
18:58:42.354 [FXGL Background Thread 3 ] DEBUG Engine               - pixelsPerMeter: 50.0
18:58:42.354 [FXGL Background Thread 3 ] DEBUG Engine               - platform: WINDOWS
18:58:42.355 [FXGL Background Thread 3 ] DEBUG Engine               - prefHeightProperty: ReadOnlyDoubleProperty [value: 600.0]
18:58:42.355 [FXGL Background Thread 3 ] DEBUG Engine               - prefWidthProperty: ReadOnlyDoubleProperty [value: 1000.0]
18:58:42.355 [FXGL Background Thread 3 ] DEBUG Engine               - profileDir: profiles/
18:58:42.355 [FXGL Background Thread 3 ] DEBUG Engine               - profileName: StringProperty [value: DEFAULT]
18:58:42.355 [FXGL Background Thread 3 ] DEBUG Engine               - randomSeed: -1
18:58:42.355 [FXGL Background Thread 3 ] DEBUG Engine               - runtimeInfo: RuntimeInfo(platform=WINDOWS, version=dev-SNAPSHOT, build=25.04.2021 17.15)
18:58:42.355 [FXGL Background Thread 3 ] DEBUG Engine               - saveFileExt: sav
18:58:42.355 [FXGL Background Thread 3 ] DEBUG Engine               - scaledHeightProp$fxgl: DoubleProperty [bound, value: 600.0]
18:58:42.355 [FXGL Background Thread 3 ] DEBUG Engine               - scaledWidthProp$fxgl: DoubleProperty [bound, value: 1000.0]
18:58:42.355 [FXGL Background Thread 3 ] DEBUG Engine               - sceneFactory: Game$1@253bb485
18:58:42.355 [FXGL Background Thread 3 ] DEBUG Engine               - secondsIn24h: 60
18:58:42.355 [FXGL Background Thread 3 ] DEBUG Engine               - soundMenuBack: menu/back.wav
18:58:42.355 [FXGL Background Thread 3 ] DEBUG Engine               - soundMenuPress: menu/press.wav
18:58:42.355 [FXGL Background Thread 3 ] DEBUG Engine               - soundMenuSelect: menu/select.wav
18:58:42.355 [FXGL Background Thread 3 ] DEBUG Engine               - soundNotification: core/notification.wav
18:58:42.355 [FXGL Background Thread 3 ] DEBUG Engine               - stageStyle: DECORATED
18:58:42.355 [FXGL Background Thread 3 ] DEBUG Engine               - supportedLanguages: [ENGLISH, FRENCH, GERMAN, HUNGARIAN, RUSSIAN]
18:58:42.356 [FXGL Background Thread 3 ] DEBUG Engine               - ticksPerSecond: -1
18:58:42.356 [FXGL Background Thread 3 ] DEBUG Engine               - title: NEAT Guns
18:58:42.356 [FXGL Background Thread 3 ] DEBUG Engine               - urlGithub: https://github.com/AlmasB/FXGL
18:58:42.356 [FXGL Background Thread 3 ] DEBUG Engine               - urlLeaderboard: http://fxgl-top.herokuapp.com/
18:58:42.356 [FXGL Background Thread 3 ] DEBUG Engine               - urlPOM: https://raw.githubusercontent.com/AlmasB/FXGL/release/README.md
18:58:42.356 [FXGL Background Thread 3 ] DEBUG Engine               - userAppClass: class Game
18:58:42.356 [FXGL Background Thread 3 ] DEBUG Engine               - version: 0.0
18:58:42.356 [FXGL Background Thread 3 ] DEBUG Engine               - versionCheckDays: 7
18:58:42.356 [FXGL Background Thread 3 ] DEBUG Engine               - width: 1000
18:58:42.356 [FXGL Background Thread 3 ] DEBUG Engine               - Logging services
18:58:42.356 [FXGL Background Thread 3 ] DEBUG Engine               - class com.almasb.fxgl.app.services.FXGLAssetLoaderService
18:58:42.356 [FXGL Background Thread 3 ] DEBUG Engine               - class com.almasb.fxgl.app.FXGLApplication$GameApplicationService
18:58:42.356 [FXGL Background Thread 3 ] DEBUG Engine               - class com.almasb.fxgl.app.services.FXGLDialogService
18:58:42.356 [FXGL Background Thread 3 ] DEBUG Engine               - class com.almasb.fxgl.app.services.IOTaskExecutorService
18:58:42.356 [FXGL Background Thread 3 ] DEBUG Engine               - class com.almasb.fxgl.event.EventBusService
18:58:42.356 [FXGL Background Thread 3 ] DEBUG Engine               - class com.almasb.fxgl.io.FileSystemService
18:58:42.356 [FXGL Background Thread 3 ] DEBUG Engine               - class com.almasb.fxgl.localization.LocalizationService
18:58:42.356 [FXGL Background Thread 3 ] DEBUG Engine               - class com.almasb.fxgl.app.services.SystemBundleService
18:58:42.356 [FXGL Background Thread 3 ] DEBUG Engine               - class com.almasb.fxgl.profile.SaveLoadService
18:58:42.357 [FXGL Background Thread 3 ] DEBUG Engine               - class com.almasb.fxgl.ui.FXGLUIFactoryServiceProvider
18:58:42.357 [FXGL Background Thread 3 ] DEBUG Engine               - class com.almasb.fxgl.ui.FXGLDialogFactoryServiceProvider
18:58:42.357 [FXGL Background Thread 3 ] DEBUG Engine               - class com.almasb.fxgl.audio.AudioPlayer
18:58:42.357 [FXGL Background Thread 3 ] DEBUG Engine               - class com.almasb.fxgl.notification.impl.NotificationServiceProvider
18:58:42.357 [FXGL Background Thread 3 ] DEBUG Engine               - class com.almasb.fxgl.achievement.AchievementService
18:58:42.357 [FXGL Background Thread 3 ] DEBUG Engine               - class com.almasb.fxgl.cutscene.CutsceneService
18:58:42.357 [FXGL Background Thread 3 ] DEBUG Engine               - class com.almasb.fxgl.minigames.MiniGameService
18:58:42.357 [FXGL Background Thread 3 ] DEBUG Engine               - class com.almasb.fxgl.net.NetService
18:58:42.357 [FXGL Background Thread 3 ] DEBUG Engine               - class com.almasb.fxgl.app.services.UpdaterService
18:58:42.357 [FXGL Background Thread 3 ] DEBUG Engine               - class com.almasb.fxgl.dev.DevService
18:58:53.737 [JavaFX Application Thread] DEBUG FXGLAssetLoaderServi - Loading from file system: file:/C:/Users/anmay/IdeaProjects/Final%20Project/target/classes/assets/textures/Bullet.png
18:59:02.387 [JavaFX Application Thread] DEBUG FXGLApplication      - Exiting FXGL
18:59:02.387 [JavaFX Application Thread] DEBUG LoopRunner           - Stopping loop
18:59:02.387 [JavaFX Application Thread] DEBUG SystemBundleService  - Saving FXGL system data
18:59:02.389 [JavaFX Application Thread] DEBUG FileSystemAccess     - Writing to: C:\Users\anmay\IdeaProjects\Final Project\system\fxgl.bundle
18:59:02.390 [JavaFX Application Thread] DEBUG Async                - Shutting down background threads
18:59:02.390 [JavaFX Application Thread] DEBUG PrimaryStageWindow   - Closing main window
18:59:02.400 [JavaFX Application Thread] DEBUG Logger               - Closing Logger
